# JRE version: OpenJDK Runtime Environment Temurin-21.0.8+9 (21.0.8+9) (build 21.0.8+9-LTS)
# Java VM: OpenJDK 64-Bit Server VM Temurin-21.0.8+9 (21.0.8+9-LTS, mixed mode, sharing, tiered, compressed oops, compressed class ptrs, parallel gc, windows-amd64)
GC Precious Log:
 CardTable entry size: 512
 CPUs: 20 total, 20 available
 Memory: 32433M
 Large Page Support: Disabled
 NUMA Support: Disabled
 Compressed Oops: Enabled (32-bit)
 Alignments: Space 512K, Generation 512K, Heap 2M
 Heap Min Capacity: 100M
 Heap Initial Capacity: 100M
 Heap Max Capacity: 2G
 Pre-touch: Disabled
 Parallel Workers: 15
Heap:
 PSYoungGen      total 4096K, used 2456K [0x00000000d5580000, 0x00000000d5b00000, 0x0000000100000000)
  eden space 3072K, 50% used [0x00000000d5580000,0x00000000d5707a88,0x00000000d5880000)
  from space 1024K, 86% used [0x00000000d5a00000,0x00000000d5ade810,0x00000000d5b00000)
  to   space 1024K, 0% used [0x00000000d5900000,0x00000000d5900000,0x00000000d5a00000)
 ParOldGen       total 190464K, used 111285K [0x0000000080000000, 0x000000008ba00000, 0x00000000d5580000)
  object space 190464K, 58% used [0x0000000080000000,0x0000000086cad478,0x000000008ba00000)
 Metaspace       used 84262K, committed 85888K, reserved 1179648K
  class space    used 8880K, committed 9600K, reserved 1048576K
GC Heap History (20 events):
Event: 275.499 GC heap before
{Heap before GC invocations=339 (full 4):
 PSYoungGen      total 3072K, used 2848K [0x00000000d5580000, 0x00000000d5980000, 0x0000000100000000)
  eden space 2560K, 100% used [0x00000000d5580000,0x00000000d5800000,0x00000000d5800000)
  from space 512K, 56% used [0x00000000d5900000,0x00000000d5948000,0x00000000d5980000)
  to   space 512K, 0% used [0x00000000d5880000,0x00000000d5880000,0x00000000d5900000)
 ParOldGen       total 190464K, used 105346K [0x0000000080000000, 0x000000008ba00000, 0x00000000d5580000)
  object space 190464K, 55% used [0x0000000080000000,0x00000000866e0988,0x000000008ba00000)
 Metaspace       used 84204K, committed 85824K, reserved 1179648K
  class space    used 8878K, committed 9600K, reserved 1048576K
}
Event: 275.500 GC heap after
{Heap after GC invocations=339 (full 4):
 PSYoungGen      total 3072K, used 352K [0x00000000d5580000, 0x00000000d5980000, 0x0000000100000000)
  eden space 2560K, 0% used [0x00000000d5580000,0x00000000d5580000,0x00000000d5800000)
  from space 512K, 68% used [0x00000000d5880000,0x00000000d58d8000,0x00000000d5900000)
  to   space 512K, 0% used [0x00000000d5900000,0x00000000d5900000,0x00000000d5980000)
 ParOldGen       total 190464K, used 105410K [0x0000000080000000, 0x000000008ba00000, 0x00000000d5580000)
  object space 190464K, 55% used [0x0000000080000000,0x00000000866f0988,0x000000008ba00000)
 Metaspace       used 84204K, committed 85824K, reserved 1179648K
  class space    used 8878K, committed 9600K, reserved 1048576K
}
Event: 276.171 GC heap before
{Heap before GC invocations=340 (full 4):
 PSYoungGen      total 3072K, used 2912K [0x00000000d5580000, 0x00000000d5980000, 0x0000000100000000)
  eden space 2560K, 100% used [0x00000000d5580000,0x00000000d5800000,0x00000000d5800000)
  from space 512K, 68% used [0x00000000d5880000,0x00000000d58d8000,0x00000000d5900000)
  to   space 512K, 0% used [0x00000000d5900000,0x00000000d5900000,0x00000000d5980000)
 ParOldGen       total 190464K, used 105410K [0x0000000080000000, 0x000000008ba00000, 0x00000000d5580000)
  object space 190464K, 55% used [0x0000000080000000,0x00000000866f0988,0x000000008ba00000)
 Metaspace       used 84210K, committed 85888K, reserved 1179648K
  class space    used 8879K, committed 9600K, reserved 1048576K
}
Event: 276.173 GC heap after
{Heap after GC invocations=340 (full 4):
 PSYoungGen      total 3072K, used 496K [0x00000000d5580000, 0x00000000d5a00000, 0x0000000100000000)
  eden space 2560K, 0% used [0x00000000d5580000,0x00000000d5580000,0x00000000d5800000)
  from space 512K, 96% used [0x00000000d5900000,0x00000000d597c010,0x00000000d5980000)
  to   space 1024K, 0% used [0x00000000d5800000,0x00000000d5800000,0x00000000d5900000)
 ParOldGen       total 190464K, used 105514K [0x0000000080000000, 0x000000008ba00000, 0x00000000d5580000)
  object space 190464K, 55% used [0x0000000080000000,0x000000008670a988,0x000000008ba00000)
 Metaspace       used 84210K, committed 85888K, reserved 1179648K
  class space    used 8879K, committed 9600K, reserved 1048576K
}
Event: 276.501 GC heap before
{Heap before GC invocations=341 (full 4):
 PSYoungGen      total 3072K, used 3056K [0x00000000d5580000, 0x00000000d5a00000, 0x0000000100000000)
  eden space 2560K, 100% used [0x00000000d5580000,0x00000000d5800000,0x00000000d5800000)
  from space 512K, 96% used [0x00000000d5900000,0x00000000d597c010,0x00000000d5980000)
  to   space 1024K, 0% used [0x00000000d5800000,0x00000000d5800000,0x00000000d5900000)
 ParOldGen       total 190464K, used 105514K [0x0000000080000000, 0x000000008ba00000, 0x00000000d5580000)
  object space 190464K, 55% used [0x0000000080000000,0x000000008670a988,0x000000008ba00000)
 Metaspace       used 84219K, committed 85888K, reserved 1179648K
  class space    used 8879K, committed 9600K, reserved 1048576K
}
Event: 276.504 GC heap after
{Heap after GC invocations=341 (full 4):
 PSYoungGen      total 3584K, used 688K [0x00000000d5580000, 0x00000000d5a00000, 0x0000000100000000)
  eden space 2560K, 0% used [0x00000000d5580000,0x00000000d5580000,0x00000000d5800000)
  from space 1024K, 67% used [0x00000000d5800000,0x00000000d58ac010,0x00000000d5900000)
  to   space 1024K, 0% used [0x00000000d5900000,0x00000000d5900000,0x00000000d5a00000)
 ParOldGen       total 190464K, used 105992K [0x0000000080000000, 0x000000008ba00000, 0x00000000d5580000)
  object space 190464K, 55% used [0x0000000080000000,0x00000000867823d8,0x000000008ba00000)
 Metaspace       used 84219K, committed 85888K, reserved 1179648K
  class space    used 8879K, committed 9600K, reserved 1048576K
}
Event: 276.560 GC heap before
{Heap before GC invocations=342 (full 4):
 PSYoungGen      total 3584K, used 3248K [0x00000000d5580000, 0x00000000d5a00000, 0x0000000100000000)
  eden space 2560K, 99% used [0x00000000d5580000,0x00000000d57ffff0,0x00000000d5800000)
  from space 1024K, 67% used [0x00000000d5800000,0x00000000d58ac010,0x00000000d5900000)
  to   space 1024K, 0% used [0x00000000d5900000,0x00000000d5900000,0x00000000d5a00000)
 ParOldGen       total 190464K, used 105992K [0x0000000080000000, 0x000000008ba00000, 0x00000000d5580000)
  object space 190464K, 55% used [0x0000000080000000,0x00000000867823d8,0x000000008ba00000)
 Metaspace       used 84245K, committed 85888K, reserved 1179648K
  class space    used 8879K, committed 9600K, reserved 1048576K
}
Event: 276.562 GC heap after
{Heap after GC invocations=342 (full 4):
 PSYoungGen      total 3072K, used 368K [0x00000000d5580000, 0x00000000d5980000, 0x0000000100000000)
  eden space 2560K, 0% used [0x00000000d5580000,0x00000000d5580000,0x00000000d5800000)
  from space 512K, 71% used [0x00000000d5900000,0x00000000d595c010,0x00000000d5980000)
  to   space 512K, 0% used [0x00000000d5880000,0x00000000d5880000,0x00000000d5900000)
 ParOldGen       total 190464K, used 106152K [0x0000000080000000, 0x000000008ba00000, 0x00000000d5580000)
  object space 190464K, 55% used [0x0000000080000000,0x00000000867aa3d8,0x000000008ba00000)
 Metaspace       used 84245K, committed 85888K, reserved 1179648K
  class space    used 8879K, committed 9600K, reserved 1048576K
}
Event: 276.730 GC heap before
{Heap before GC invocations=343 (full 4):
 PSYoungGen      total 3072K, used 2927K [0x00000000d5580000, 0x00000000d5980000, 0x0000000100000000)
  eden space 2560K, 99% used [0x00000000d5580000,0x00000000d57fff80,0x00000000d5800000)
  from space 512K, 71% used [0x00000000d5900000,0x00000000d595c010,0x00000000d5980000)
  to   space 512K, 0% used [0x00000000d5880000,0x00000000d5880000,0x00000000d5900000)
 ParOldGen       total 190464K, used 106152K [0x0000000080000000, 0x000000008ba00000, 0x00000000d5580000)
  object space 190464K, 55% used [0x0000000080000000,0x00000000867aa3d8,0x000000008ba00000)
 Metaspace       used 84247K, committed 85888K, reserved 1179648K
  class space    used 8879K, committed 9600K, reserved 1048576K
}
Event: 276.731 GC heap after
{Heap after GC invocations=343 (full 4):
 PSYoungGen      total 3072K, used 288K [0x00000000d5580000, 0x00000000d5980000, 0x0000000100000000)
  eden space 2560K, 0% used [0x00000000d5580000,0x00000000d5580000,0x00000000d5800000)
  from space 512K, 56% used [0x00000000d5880000,0x00000000d58c8000,0x00000000d5900000)
  to   space 512K, 0% used [0x00000000d5900000,0x00000000d5900000,0x00000000d5980000)
 ParOldGen       total 190464K, used 106184K [0x0000000080000000, 0x000000008ba00000, 0x00000000d5580000)
  object space 190464K, 55% used [0x0000000080000000,0x00000000867b23d8,0x000000008ba00000)
 Metaspace       used 84247K, committed 85888K, reserved 1179648K
  class space    used 8879K, committed 9600K, reserved 1048576K
}
Event: 276.753 GC heap before
{Heap before GC invocations=344 (full 4):
 PSYoungGen      total 3072K, used 2848K [0x00000000d5580000, 0x00000000d5980000, 0x0000000100000000)
  eden space 2560K, 100% used [0x00000000d5580000,0x00000000d5800000,0x00000000d5800000)
  from space 512K, 56% used [0x00000000d5880000,0x00000000d58c8000,0x00000000d5900000)
  to   space 512K, 0% used [0x00000000d5900000,0x00000000d5900000,0x00000000d5980000)
 ParOldGen       total 190464K, used 106184K [0x0000000080000000, 0x000000008ba00000, 0x00000000d5580000)
  object space 190464K, 55% used [0x0000000080000000,0x00000000867b23d8,0x000000008ba00000)
 Metaspace       used 84255K, committed 85888K, reserved 1179648K
  class space    used 8879K, committed 9600K, reserved 1048576K
}
Event: 276.754 GC heap after
{Heap after GC invocations=344 (full 4):
 PSYoungGen      total 2560K, used 486K [0x00000000d5580000, 0x00000000d5b00000, 0x0000000100000000)
  eden space 2048K, 0% used [0x00000000d5580000,0x00000000d5580000,0x00000000d5780000)
  from space 512K, 94% used [0x00000000d5900000,0x00000000d5979850,0x00000000d5980000)
  to   space 1536K, 0% used [0x00000000d5780000,0x00000000d5780000,0x00000000d5900000)
 ParOldGen       total 190464K, used 106911K [0x0000000080000000, 0x000000008ba00000, 0x00000000d5580000)
  object space 190464K, 56% used [0x0000000080000000,0x0000000086867c38,0x000000008ba00000)
 Metaspace       used 84255K, committed 85888K, reserved 1179648K
  class space    used 8879K, committed 9600K, reserved 1048576K
}
Event: 276.757 GC heap before
{Heap before GC invocations=345 (full 4):
 PSYoungGen      total 2560K, used 2534K [0x00000000d5580000, 0x00000000d5b00000, 0x0000000100000000)
  eden space 2048K, 100% used [0x00000000d5580000,0x00000000d5780000,0x00000000d5780000)
  from space 512K, 94% used [0x00000000d5900000,0x00000000d5979850,0x00000000d5980000)
  to   space 1536K, 0% used [0x00000000d5780000,0x00000000d5780000,0x00000000d5900000)
 ParOldGen       total 190464K, used 106911K [0x0000000080000000, 0x000000008ba00000, 0x00000000d5580000)
  object space 190464K, 56% used [0x0000000080000000,0x0000000086867c38,0x000000008ba00000)
 Metaspace       used 84255K, committed 85888K, reserved 1179648K
  class space    used 8879K, committed 9600K, reserved 1048576K
}
Event: 276.760 GC heap after
{Heap after GC invocations=345 (full 4):
 PSYoungGen      total 3584K, used 1536K [0x00000000d5580000, 0x00000000d5d80000, 0x0000000100000000)
  eden space 2048K, 0% used [0x00000000d5580000,0x00000000d5580000,0x00000000d5780000)
  from space 1536K, 100% used [0x00000000d5780000,0x00000000d5900000,0x00000000d5900000)
  to   space 3072K, 0% used [0x00000000d5a80000,0x00000000d5a80000,0x00000000d5d80000)
 ParOldGen       total 190464K, used 107906K [0x0000000080000000, 0x000000008ba00000, 0x00000000d5580000)
  object space 190464K, 56% used [0x0000000080000000,0x0000000086960908,0x000000008ba00000)
 Metaspace       used 84255K, committed 85888K, reserved 1179648K
  class space    used 8879K, committed 9600K, reserved 1048576K
}
Event: 276.763 GC heap before
{Heap before GC invocations=346 (full 4):
 PSYoungGen      total 3584K, used 3584K [0x00000000d5580000, 0x00000000d5d80000, 0x0000000100000000)
  eden space 2048K, 100% used [0x00000000d5580000,0x00000000d5780000,0x00000000d5780000)
  from space 1536K, 100% used [0x00000000d5780000,0x00000000d5900000,0x00000000d5900000)
  to   space 3072K, 0% used [0x00000000d5a80000,0x00000000d5a80000,0x00000000d5d80000)
 ParOldGen       total 190464K, used 107906K [0x0000000080000000, 0x000000008ba00000, 0x00000000d5580000)
  object space 190464K, 56% used [0x0000000080000000,0x0000000086960908,0x000000008ba00000)
 Metaspace       used 84255K, committed 85888K, reserved 1179648K
  class space    used 8879K, committed 9600K, reserved 1048576K
}
Event: 276.767 GC heap after
{Heap after GC invocations=346 (full 4):
 PSYoungGen      total 4096K, used 1536K [0x00000000d5580000, 0x00000000d5c00000, 0x0000000100000000)
  eden space 2560K, 0% used [0x00000000d5580000,0x00000000d5580000,0x00000000d5800000)
  from space 1536K, 100% used [0x00000000d5a80000,0x00000000d5c00000,0x00000000d5c00000)
  to   space 2048K, 0% used [0x00000000d5800000,0x00000000d5800000,0x00000000d5a00000)
 ParOldGen       total 190464K, used 109426K [0x0000000080000000, 0x000000008ba00000, 0x00000000d5580000)
  object space 190464K, 57% used [0x0000000080000000,0x0000000086adc908,0x000000008ba00000)
 Metaspace       used 84255K, committed 85888K, reserved 1179648K
  class space    used 8879K, committed 9600K, reserved 1048576K
}
Event: 276.770 GC heap before
{Heap before GC invocations=347 (full 4):
 PSYoungGen      total 4096K, used 4096K [0x00000000d5580000, 0x00000000d5c00000, 0x0000000100000000)
  eden space 2560K, 100% used [0x00000000d5580000,0x00000000d5800000,0x00000000d5800000)
  from space 1536K, 100% used [0x00000000d5a80000,0x00000000d5c00000,0x00000000d5c00000)
  to   space 2048K, 0% used [0x00000000d5800000,0x00000000d5800000,0x00000000d5a00000)
 ParOldGen       total 190464K, used 109426K [0x0000000080000000, 0x000000008ba00000, 0x00000000d5580000)
  object space 190464K, 57% used [0x0000000080000000,0x0000000086adc908,0x000000008ba00000)
 Metaspace       used 84255K, committed 85888K, reserved 1179648K
  class space    used 8879K, committed 9600K, reserved 1048576K
}
Event: 276.771 GC heap after
{Heap after GC invocations=347 (full 4):
 PSYoungGen      total 4608K, used 864K [0x00000000d5580000, 0x00000000d5b80000, 0x0000000100000000)
  eden space 2560K, 0% used [0x00000000d5580000,0x00000000d5580000,0x00000000d5800000)
  from space 2048K, 42% used [0x00000000d5800000,0x00000000d58d8000,0x00000000d5a00000)
  to   space 1536K, 0% used [0x00000000d5a00000,0x00000000d5a00000,0x00000000d5b80000)
 ParOldGen       total 190464K, used 110690K [0x0000000080000000, 0x000000008ba00000, 0x00000000d5580000)
  object space 190464K, 58% used [0x0000000080000000,0x0000000086c18908,0x000000008ba00000)
 Metaspace       used 84255K, committed 85888K, reserved 1179648K
  class space    used 8879K, committed 9600K, reserved 1048576K
}
Event: 276.777 GC heap before
{Heap before GC invocations=348 (full 4):
 PSYoungGen      total 4608K, used 3424K [0x00000000d5580000, 0x00000000d5b80000, 0x0000000100000000)
  eden space 2560K, 100% used [0x00000000d5580000,0x00000000d5800000,0x00000000d5800000)
  from space 2048K, 42% used [0x00000000d5800000,0x00000000d58d8000,0x00000000d5a00000)
  to   space 1536K, 0% used [0x00000000d5a00000,0x00000000d5a00000,0x00000000d5b80000)
 ParOldGen       total 190464K, used 110690K [0x0000000080000000, 0x000000008ba00000, 0x00000000d5580000)
  object space 190464K, 58% used [0x0000000080000000,0x0000000086c18908,0x000000008ba00000)
 Metaspace       used 84257K, committed 85888K, reserved 1179648K
  class space    used 8880K, committed 9600K, reserved 1048576K
}
Event: 276.778 GC heap after
{Heap after GC invocations=348 (full 4):
 PSYoungGen      total 4096K, used 890K [0x00000000d5580000, 0x00000000d5b00000, 0x0000000100000000)
  eden space 3072K, 0% used [0x00000000d5580000,0x00000000d5580000,0x00000000d5880000)
  from space 1024K, 86% used [0x00000000d5a00000,0x00000000d5ade810,0x00000000d5b00000)
  to   space 1024K, 0% used [0x00000000d5900000,0x00000000d5900000,0x00000000d5a00000)
 ParOldGen       total 190464K, used 111285K [0x0000000080000000, 0x000000008ba00000, 0x00000000d5580000)
  object space 190464K, 58% used [0x0000000080000000,0x0000000086cad478,0x000000008ba00000)
 Metaspace       used 84257K, committed 85888K, reserved 1179648K
  class space    used 8880K, committed 9600K, reserved 1048576K
}

