# JRE version: OpenJDK Runtime Environment Temurin-21.0.8+9 (21.0.8+9) (build 21.0.8+9-LTS)
# Java VM: OpenJDK 64-Bit Server VM Temurin-21.0.8+9 (21.0.8+9-LTS, mixed mode, sharing, tiered, compressed oops, compressed class ptrs, parallel gc, windows-amd64)
GC Precious Log:
 CardTable entry size: 512
 CPUs: 20 total, 20 available
 Memory: 32433M
 Large Page Support: Disabled
 NUMA Support: Disabled
 Compressed Oops: Enabled (32-bit)
 Alignments: Space 512K, Generation 512K, Heap 2M
 Heap Min Capacity: 100M
 Heap Initial Capacity: 100M
 Heap Max Capacity: 2G
 Pre-touch: Disabled
 Parallel Workers: 15
Heap:
 PSYoungGen      total 23040K, used 12010K [0x00000000d5580000, 0x00000000d7000000, 0x0000000100000000)
  eden space 19968K, 45% used [0x00000000d5580000,0x00000000d5e4c4d8,0x00000000d6900000)
  from space 3072K, 97% used [0x00000000d6900000,0x00000000d6bee648,0x00000000d6c00000)
  to   space 3584K, 0% used [0x00000000d6c80000,0x00000000d6c80000,0x00000000d7000000)
 ParOldGen       total 68608K, used 32663K [0x0000000080000000, 0x0000000084300000, 0x00000000d5580000)
  object space 68608K, 47% used [0x0000000080000000,0x0000000081fe5d20,0x0000000084300000)
 Metaspace       used 45326K, committed 46464K, reserved 1114112K
  class space    used 4544K, committed 4992K, reserved 1048576K
GC Heap History (20 events):
Event: 5.223 GC heap before
{Heap before GC invocations=18 (full 1):
 PSYoungGen      total 24576K, used 24128K [0x00000000d5580000, 0x00000000d7280000, 0x0000000100000000)
  eden space 22016K, 100% used [0x00000000d5580000,0x00000000d6b00000,0x00000000d6b00000)
  from space 2560K, 82% used [0x00000000d7000000,0x00000000d7210000,0x00000000d7280000)
  to   space 3072K, 0% used [0x00000000d6c80000,0x00000000d6c80000,0x00000000d6f80000)
 ParOldGen       total 68608K, used 24782K [0x0000000080000000, 0x0000000084300000, 0x00000000d5580000)
  object space 68608K, 36% used [0x0000000080000000,0x0000000081833ac8,0x0000000084300000)
 Metaspace       used 34176K, committed 35200K, reserved 1114112K
  class space    used 3455K, committed 3904K, reserved 1048576K
}
Event: 5.225 GC heap after
{Heap after GC invocations=18 (full 1):
 PSYoungGen      total 24576K, used 2400K [0x00000000d5580000, 0x00000000d7080000, 0x0000000100000000)
  eden space 22016K, 0% used [0x00000000d5580000,0x00000000d5580000,0x00000000d6b00000)
  from space 2560K, 93% used [0x00000000d6c80000,0x00000000d6ed8010,0x00000000d6f00000)
  to   space 1536K, 0% used [0x00000000d6f00000,0x00000000d6f00000,0x00000000d7080000)
 ParOldGen       total 68608K, used 26726K [0x0000000080000000, 0x0000000084300000, 0x00000000d5580000)
  object space 68608K, 38% used [0x0000000080000000,0x0000000081a19ac8,0x0000000084300000)
 Metaspace       used 34176K, committed 35200K, reserved 1114112K
  class space    used 3455K, committed 3904K, reserved 1048576K
}
Event: 5.266 GC heap before
{Heap before GC invocations=19 (full 1):
 PSYoungGen      total 24576K, used 24416K [0x00000000d5580000, 0x00000000d7080000, 0x0000000100000000)
  eden space 22016K, 100% used [0x00000000d5580000,0x00000000d6b00000,0x00000000d6b00000)
  from space 2560K, 93% used [0x00000000d6c80000,0x00000000d6ed8010,0x00000000d6f00000)
  to   space 1536K, 0% used [0x00000000d6f00000,0x00000000d6f00000,0x00000000d7080000)
 ParOldGen       total 68608K, used 26726K [0x0000000080000000, 0x0000000084300000, 0x00000000d5580000)
  object space 68608K, 38% used [0x0000000080000000,0x0000000081a19ac8,0x0000000084300000)
 Metaspace       used 34267K, committed 35264K, reserved 1114112K
  class space    used 3456K, committed 3904K, reserved 1048576K
}
Event: 5.268 GC heap after
{Heap after GC invocations=19 (full 1):
 PSYoungGen      total 23040K, used 1528K [0x00000000d5580000, 0x00000000d7400000, 0x0000000100000000)
  eden space 21504K, 0% used [0x00000000d5580000,0x00000000d5580000,0x00000000d6a80000)
  from space 1536K, 99% used [0x00000000d6f00000,0x00000000d707e200,0x00000000d7080000)
  to   space 4608K, 0% used [0x00000000d6a80000,0x00000000d6a80000,0x00000000d6f00000)
 ParOldGen       total 68608K, used 29342K [0x0000000080000000, 0x0000000084300000, 0x00000000d5580000)
  object space 68608K, 42% used [0x0000000080000000,0x0000000081ca7ad8,0x0000000084300000)
 Metaspace       used 34267K, committed 35264K, reserved 1114112K
  class space    used 3456K, committed 3904K, reserved 1048576K
}
Event: 5.335 GC heap before
{Heap before GC invocations=20 (full 1):
 PSYoungGen      total 23040K, used 8209K [0x00000000d5580000, 0x00000000d7400000, 0x0000000100000000)
  eden space 21504K, 31% used [0x00000000d5580000,0x00000000d5c063e8,0x00000000d6a80000)
  from space 1536K, 99% used [0x00000000d6f00000,0x00000000d707e200,0x00000000d7080000)
  to   space 4608K, 0% used [0x00000000d6a80000,0x00000000d6a80000,0x00000000d6f00000)
 ParOldGen       total 68608K, used 29342K [0x0000000080000000, 0x0000000084300000, 0x00000000d5580000)
  object space 68608K, 42% used [0x0000000080000000,0x0000000081ca7ad8,0x0000000084300000)
 Metaspace       used 34812K, committed 35840K, reserved 1114112K
  class space    used 3504K, committed 3968K, reserved 1048576K
}
Event: 5.337 GC heap after
{Heap after GC invocations=20 (full 1):
 PSYoungGen      total 22528K, used 832K [0x00000000d5580000, 0x00000000d6f80000, 0x0000000100000000)
  eden space 21504K, 0% used [0x00000000d5580000,0x00000000d5580000,0x00000000d6a80000)
  from space 1024K, 81% used [0x00000000d6a80000,0x00000000d6b50000,0x00000000d6b80000)
  to   space 2048K, 0% used [0x00000000d6d80000,0x00000000d6d80000,0x00000000d6f80000)
 ParOldGen       total 68608K, used 30936K [0x0000000080000000, 0x0000000084300000, 0x00000000d5580000)
  object space 68608K, 45% used [0x0000000080000000,0x0000000081e36050,0x0000000084300000)
 Metaspace       used 34812K, committed 35840K, reserved 1114112K
  class space    used 3504K, committed 3968K, reserved 1048576K
}
Event: 5.337 GC heap before
{Heap before GC invocations=21 (full 2):
 PSYoungGen      total 22528K, used 832K [0x00000000d5580000, 0x00000000d6f80000, 0x0000000100000000)
  eden space 21504K, 0% used [0x00000000d5580000,0x00000000d5580000,0x00000000d6a80000)
  from space 1024K, 81% used [0x00000000d6a80000,0x00000000d6b50000,0x00000000d6b80000)
  to   space 2048K, 0% used [0x00000000d6d80000,0x00000000d6d80000,0x00000000d6f80000)
 ParOldGen       total 68608K, used 30936K [0x0000000080000000, 0x0000000084300000, 0x00000000d5580000)
  object space 68608K, 45% used [0x0000000080000000,0x0000000081e36050,0x0000000084300000)
 Metaspace       used 34812K, committed 35840K, reserved 1114112K
  class space    used 3504K, committed 3968K, reserved 1048576K
}
Event: 5.371 GC heap after
{Heap after GC invocations=21 (full 2):
 PSYoungGen      total 22528K, used 0K [0x00000000d5580000, 0x00000000d6f80000, 0x0000000100000000)
  eden space 21504K, 0% used [0x00000000d5580000,0x00000000d5580000,0x00000000d6a80000)
  from space 1024K, 0% used [0x00000000d6a80000,0x00000000d6a80000,0x00000000d6b80000)
  to   space 2048K, 0% used [0x00000000d6d80000,0x00000000d6d80000,0x00000000d6f80000)
 ParOldGen       total 68608K, used 28684K [0x0000000080000000, 0x0000000084300000, 0x00000000d5580000)
  object space 68608K, 41% used [0x0000000080000000,0x0000000081c030e0,0x0000000084300000)
 Metaspace       used 34597K, committed 35840K, reserved 1114112K
  class space    used 3442K, committed 3968K, reserved 1048576K
}
Event: 5.596 GC heap before
{Heap before GC invocations=22 (full 2):
 PSYoungGen      total 22528K, used 21504K [0x00000000d5580000, 0x00000000d6f80000, 0x0000000100000000)
  eden space 21504K, 100% used [0x00000000d5580000,0x00000000d6a80000,0x00000000d6a80000)
  from space 1024K, 0% used [0x00000000d6a80000,0x00000000d6a80000,0x00000000d6b80000)
  to   space 2048K, 0% used [0x00000000d6d80000,0x00000000d6d80000,0x00000000d6f80000)
 ParOldGen       total 68608K, used 28684K [0x0000000080000000, 0x0000000084300000, 0x00000000d5580000)
  object space 68608K, 41% used [0x0000000080000000,0x0000000081c030e0,0x0000000084300000)
 Metaspace       used 36032K, committed 36928K, reserved 1114112K
  class space    used 3619K, committed 4032K, reserved 1048576K
}
Event: 5.598 GC heap after
{Heap after GC invocations=22 (full 2):
 PSYoungGen      total 23552K, used 1922K [0x00000000d5580000, 0x00000000d6f80000, 0x0000000100000000)
  eden space 21504K, 0% used [0x00000000d5580000,0x00000000d5580000,0x00000000d6a80000)
  from space 2048K, 93% used [0x00000000d6d80000,0x00000000d6f60b68,0x00000000d6f80000)
  to   space 2560K, 0% used [0x00000000d6a80000,0x00000000d6a80000,0x00000000d6d00000)
 ParOldGen       total 68608K, used 28875K [0x0000000080000000, 0x0000000084300000, 0x00000000d5580000)
  object space 68608K, 42% used [0x0000000080000000,0x0000000081c32c58,0x0000000084300000)
 Metaspace       used 36032K, committed 36928K, reserved 1114112K
  class space    used 3619K, committed 4032K, reserved 1048576K
}
Event: 5.645 GC heap before
{Heap before GC invocations=23 (full 2):
 PSYoungGen      total 23552K, used 23426K [0x00000000d5580000, 0x00000000d6f80000, 0x0000000100000000)
  eden space 21504K, 100% used [0x00000000d5580000,0x00000000d6a80000,0x00000000d6a80000)
  from space 2048K, 93% used [0x00000000d6d80000,0x00000000d6f60b68,0x00000000d6f80000)
  to   space 2560K, 0% used [0x00000000d6a80000,0x00000000d6a80000,0x00000000d6d00000)
 ParOldGen       total 68608K, used 28875K [0x0000000080000000, 0x0000000084300000, 0x00000000d5580000)
  object space 68608K, 42% used [0x0000000080000000,0x0000000081c32c58,0x0000000084300000)
 Metaspace       used 36049K, committed 36928K, reserved 1114112K
  class space    used 3619K, committed 4032K, reserved 1048576K
}
Event: 5.646 GC heap after
{Heap after GC invocations=23 (full 2):
 PSYoungGen      total 23040K, used 1183K [0x00000000d5580000, 0x00000000d6e00000, 0x0000000100000000)
  eden space 21504K, 0% used [0x00000000d5580000,0x00000000d5580000,0x00000000d6a80000)
  from space 1536K, 77% used [0x00000000d6a80000,0x00000000d6ba7e68,0x00000000d6c00000)
  to   space 1536K, 0% used [0x00000000d6c80000,0x00000000d6c80000,0x00000000d6e00000)
 ParOldGen       total 68608K, used 29920K [0x0000000080000000, 0x0000000084300000, 0x00000000d5580000)
  object space 68608K, 43% used [0x0000000080000000,0x0000000081d38288,0x0000000084300000)
 Metaspace       used 36049K, committed 36928K, reserved 1114112K
  class space    used 3619K, committed 4032K, reserved 1048576K
}
Event: 5.906 GC heap before
{Heap before GC invocations=24 (full 2):
 PSYoungGen      total 23040K, used 22687K [0x00000000d5580000, 0x00000000d6e00000, 0x0000000100000000)
  eden space 21504K, 100% used [0x00000000d5580000,0x00000000d6a80000,0x00000000d6a80000)
  from space 1536K, 77% used [0x00000000d6a80000,0x00000000d6ba7e68,0x00000000d6c00000)
  to   space 1536K, 0% used [0x00000000d6c80000,0x00000000d6c80000,0x00000000d6e00000)
 ParOldGen       total 68608K, used 29920K [0x0000000080000000, 0x0000000084300000, 0x00000000d5580000)
  object space 68608K, 43% used [0x0000000080000000,0x0000000081d38288,0x0000000084300000)
 Metaspace       used 37647K, committed 38592K, reserved 1114112K
  class space    used 3804K, committed 4224K, reserved 1048576K
}
Event: 5.907 GC heap after
{Heap after GC invocations=24 (full 2):
 PSYoungGen      total 22016K, used 512K [0x00000000d5580000, 0x00000000d6d00000, 0x0000000100000000)
  eden space 21504K, 0% used [0x00000000d5580000,0x00000000d5580000,0x00000000d6a80000)
  from space 512K, 100% used [0x00000000d6c80000,0x00000000d6d00000,0x00000000d6d00000)
  to   space 1024K, 0% used [0x00000000d6b00000,0x00000000d6b00000,0x00000000d6c00000)
 ParOldGen       total 68608K, used 29960K [0x0000000080000000, 0x0000000084300000, 0x00000000d5580000)
  object space 68608K, 43% used [0x0000000080000000,0x0000000081d42288,0x0000000084300000)
 Metaspace       used 37647K, committed 38592K, reserved 1114112K
  class space    used 3804K, committed 4224K, reserved 1048576K
}
Event: 6.179 GC heap before
{Heap before GC invocations=25 (full 2):
 PSYoungGen      total 22016K, used 21496K [0x00000000d5580000, 0x00000000d6d00000, 0x0000000100000000)
  eden space 21504K, 97% used [0x00000000d5580000,0x00000000d69fe2f0,0x00000000d6a80000)
  from space 512K, 100% used [0x00000000d6c80000,0x00000000d6d00000,0x00000000d6d00000)
  to   space 1024K, 0% used [0x00000000d6b00000,0x00000000d6b00000,0x00000000d6c00000)
 ParOldGen       total 68608K, used 29960K [0x0000000080000000, 0x0000000084300000, 0x00000000d5580000)
  object space 68608K, 43% used [0x0000000080000000,0x0000000081d42288,0x0000000084300000)
 Metaspace       used 39605K, committed 40512K, reserved 1114112K
  class space    used 3946K, committed 4352K, reserved 1048576K
}
Event: 6.180 GC heap after
{Heap after GC invocations=25 (full 2):
 PSYoungGen      total 22528K, used 896K [0x00000000d5580000, 0x00000000d6d00000, 0x0000000100000000)
  eden space 21504K, 0% used [0x00000000d5580000,0x00000000d5580000,0x00000000d6a80000)
  from space 1024K, 87% used [0x00000000d6b00000,0x00000000d6be0000,0x00000000d6c00000)
  to   space 1024K, 0% used [0x00000000d6c00000,0x00000000d6c00000,0x00000000d6d00000)
 ParOldGen       total 68608K, used 30240K [0x0000000080000000, 0x0000000084300000, 0x00000000d5580000)
  object space 68608K, 44% used [0x0000000080000000,0x0000000081d88288,0x0000000084300000)
 Metaspace       used 39605K, committed 40512K, reserved 1114112K
  class space    used 3946K, committed 4352K, reserved 1048576K
}
Event: 6.625 GC heap before
{Heap before GC invocations=26 (full 2):
 PSYoungGen      total 22528K, used 22386K [0x00000000d5580000, 0x00000000d6d00000, 0x0000000100000000)
  eden space 21504K, 99% used [0x00000000d5580000,0x00000000d6a7cb98,0x00000000d6a80000)
  from space 1024K, 87% used [0x00000000d6b00000,0x00000000d6be0000,0x00000000d6c00000)
  to   space 1024K, 0% used [0x00000000d6c00000,0x00000000d6c00000,0x00000000d6d00000)
 ParOldGen       total 68608K, used 30240K [0x0000000080000000, 0x0000000084300000, 0x00000000d5580000)
  object space 68608K, 44% used [0x0000000080000000,0x0000000081d88288,0x0000000084300000)
 Metaspace       used 42112K, committed 43136K, reserved 1114112K
  class space    used 4220K, committed 4672K, reserved 1048576K
}
Event: 6.627 GC heap after
{Heap after GC invocations=26 (full 2):
 PSYoungGen      total 20992K, used 1008K [0x00000000d5580000, 0x00000000d7080000, 0x0000000100000000)
  eden space 19968K, 0% used [0x00000000d5580000,0x00000000d5580000,0x00000000d6900000)
  from space 1024K, 98% used [0x00000000d6c00000,0x00000000d6cfc030,0x00000000d6d00000)
  to   space 3072K, 0% used [0x00000000d6900000,0x00000000d6900000,0x00000000d6c00000)
 ParOldGen       total 68608K, used 31813K [0x0000000080000000, 0x0000000084300000, 0x00000000d5580000)
  object space 68608K, 46% used [0x0000000080000000,0x0000000081f117c8,0x0000000084300000)
 Metaspace       used 42112K, committed 43136K, reserved 1114112K
  class space    used 4220K, committed 4672K, reserved 1048576K
}
Event: 7.466 GC heap before
{Heap before GC invocations=27 (full 2):
 PSYoungGen      total 20992K, used 20976K [0x00000000d5580000, 0x00000000d7080000, 0x0000000100000000)
  eden space 19968K, 100% used [0x00000000d5580000,0x00000000d6900000,0x00000000d6900000)
  from space 1024K, 98% used [0x00000000d6c00000,0x00000000d6cfc030,0x00000000d6d00000)
  to   space 3072K, 0% used [0x00000000d6900000,0x00000000d6900000,0x00000000d6c00000)
 ParOldGen       total 68608K, used 31813K [0x0000000080000000, 0x0000000084300000, 0x00000000d5580000)
  object space 68608K, 46% used [0x0000000080000000,0x0000000081f117c8,0x0000000084300000)
 Metaspace       used 44414K, committed 45504K, reserved 1114112K
  class space    used 4443K, committed 4928K, reserved 1048576K
}
Event: 7.469 GC heap after
{Heap after GC invocations=27 (full 2):
 PSYoungGen      total 23040K, used 3001K [0x00000000d5580000, 0x00000000d7000000, 0x0000000100000000)
  eden space 19968K, 0% used [0x00000000d5580000,0x00000000d5580000,0x00000000d6900000)
  from space 3072K, 97% used [0x00000000d6900000,0x00000000d6bee648,0x00000000d6c00000)
  to   space 3584K, 0% used [0x00000000d6c80000,0x00000000d6c80000,0x00000000d7000000)
 ParOldGen       total 68608K, used 32663K [0x0000000080000000, 0x0000000084300000, 0x00000000d5580000)
  object space 68608K, 47% used [0x0000000080000000,0x0000000081fe5d20,0x0000000084300000)
 Metaspace       used 44414K, committed 45504K, reserved 1114112K
  class space    used 4443K, committed 4928K, reserved 1048576K
}

