# JRE version: OpenJDK Runtime Environment Temurin-21.0.8+9 (21.0.8+9) (build 21.0.8+9-LTS)
# Java VM: OpenJDK 64-Bit Server VM Temurin-21.0.8+9 (21.0.8+9-LTS, mixed mode, sharing, tiered, compressed oops, compressed class ptrs, parallel gc, windows-amd64)
GC Precious Log:
 CardTable entry size: 512
 CPUs: 20 total, 20 available
 Memory: 32433M
 Large Page Support: Disabled
 NUMA Support: Disabled
 Compressed Oops: Enabled (32-bit)
 Alignments: Space 512K, Generation 512K, Heap 2M
 Heap Min Capacity: 100M
 Heap Initial Capacity: 100M
 Heap Max Capacity: 2G
 Pre-touch: Disabled
 Parallel Workers: 15
Heap:
 PSYoungGen      total 9728K, used 8191K [0x00000000d5580000, 0x00000000d6280000, 0x0000000100000000)
  eden space 7680K, 92% used [0x00000000d5580000,0x00000000d5c74ec0,0x00000000d5d00000)
  from space 2048K, 52% used [0x00000000d5f00000,0x00000000d600b0a0,0x00000000d6100000)
  to   space 1536K, 0% used [0x00000000d6100000,0x00000000d6100000,0x00000000d6280000)
 ParOldGen       total 970752K, used 970622K [0x0000000080000000, 0x00000000bb400000, 0x00000000d5580000)
  object space 970752K, 99% used [0x0000000080000000,0x00000000bb3df908,0x00000000bb400000)
 Metaspace       used 92092K, committed 93696K, reserved 1179648K
  class space    used 9301K, committed 9984K, reserved 1048576K
GC Heap History (20 events):
Event: 183008.813 GC heap before
{Heap before GC invocations=2681 (full 5):
 PSYoungGen      total 8704K, used 8688K [0x00000000d5580000, 0x00000000d6400000, 0x0000000100000000)
  eden space 7680K, 100% used [0x00000000d5580000,0x00000000d5d00000,0x00000000d5d00000)
  from space 1024K, 98% used [0x00000000d6280000,0x00000000d637c010,0x00000000d6380000)
  to   space 512K, 0% used [0x00000000d6380000,0x00000000d6380000,0x00000000d6400000)
 ParOldGen       total 966144K, used 965892K [0x0000000080000000, 0x00000000baf80000, 0x00000000d5580000)
  object space 966144K, 99% used [0x0000000080000000,0x00000000baf41390,0x00000000baf80000)
 Metaspace       used 92049K, committed 93568K, reserved 1179648K
  class space    used 9301K, committed 9984K, reserved 1048576K
}
Event: 183008.817 GC heap after
{Heap after GC invocations=2681 (full 5):
 PSYoungGen      total 8192K, used 512K [0x00000000d5580000, 0x00000000d6400000, 0x0000000100000000)
  eden space 7680K, 0% used [0x00000000d5580000,0x00000000d5580000,0x00000000d5d00000)
  from space 512K, 100% used [0x00000000d6380000,0x00000000d6400000,0x00000000d6400000)
  to   space 1536K, 0% used [0x00000000d6100000,0x00000000d6100000,0x00000000d6280000)
 ParOldGen       total 966656K, used 966570K [0x0000000080000000, 0x00000000bb000000, 0x00000000d5580000)
  object space 966656K, 99% used [0x0000000080000000,0x00000000bafeaaa0,0x00000000bb000000)
 Metaspace       used 92049K, committed 93568K, reserved 1179648K
  class space    used 9301K, committed 9984K, reserved 1048576K
}
Event: 183009.322 GC heap before
{Heap before GC invocations=2682 (full 5):
 PSYoungGen      total 8192K, used 8191K [0x00000000d5580000, 0x00000000d6400000, 0x0000000100000000)
  eden space 7680K, 99% used [0x00000000d5580000,0x00000000d5cfffe0,0x00000000d5d00000)
  from space 512K, 100% used [0x00000000d6380000,0x00000000d6400000,0x00000000d6400000)
  to   space 1536K, 0% used [0x00000000d6100000,0x00000000d6100000,0x00000000d6280000)
 ParOldGen       total 966656K, used 966570K [0x0000000080000000, 0x00000000bb000000, 0x00000000d5580000)
  object space 966656K, 99% used [0x0000000080000000,0x00000000bafeaaa0,0x00000000bb000000)
 Metaspace       used 92049K, committed 93568K, reserved 1179648K
  class space    used 9301K, committed 9984K, reserved 1048576K
}
Event: 183009.325 GC heap after
{Heap after GC invocations=2682 (full 5):
 PSYoungGen      total 9216K, used 320K [0x00000000d5580000, 0x00000000d6400000, 0x0000000100000000)
  eden space 7680K, 0% used [0x00000000d5580000,0x00000000d5580000,0x00000000d5d00000)
  from space 1536K, 20% used [0x00000000d6100000,0x00000000d6150000,0x00000000d6280000)
  to   space 1024K, 0% used [0x00000000d6300000,0x00000000d6300000,0x00000000d6400000)
 ParOldGen       total 967168K, used 967015K [0x0000000080000000, 0x00000000bb080000, 0x00000000d5580000)
  object space 967168K, 99% used [0x0000000080000000,0x00000000bb059f30,0x00000000bb080000)
 Metaspace       used 92049K, committed 93568K, reserved 1179648K
  class space    used 9301K, committed 9984K, reserved 1048576K
}
Event: 183009.568 GC heap before
{Heap before GC invocations=2683 (full 5):
 PSYoungGen      total 9216K, used 8000K [0x00000000d5580000, 0x00000000d6400000, 0x0000000100000000)
  eden space 7680K, 100% used [0x00000000d5580000,0x00000000d5d00000,0x00000000d5d00000)
  from space 1536K, 20% used [0x00000000d6100000,0x00000000d6150000,0x00000000d6280000)
  to   space 1024K, 0% used [0x00000000d6300000,0x00000000d6300000,0x00000000d6400000)
 ParOldGen       total 967168K, used 967015K [0x0000000080000000, 0x00000000bb080000, 0x00000000d5580000)
  object space 967168K, 99% used [0x0000000080000000,0x00000000bb059f30,0x00000000bb080000)
 Metaspace       used 92050K, committed 93568K, reserved 1179648K
  class space    used 9301K, committed 9984K, reserved 1048576K
}
Event: 183009.570 GC heap after
{Heap after GC invocations=2683 (full 5):
 PSYoungGen      total 8704K, used 940K [0x00000000d5580000, 0x00000000d6400000, 0x0000000100000000)
  eden space 7680K, 0% used [0x00000000d5580000,0x00000000d5580000,0x00000000d5d00000)
  from space 1024K, 91% used [0x00000000d6300000,0x00000000d63eb348,0x00000000d6400000)
  to   space 1536K, 0% used [0x00000000d6100000,0x00000000d6100000,0x00000000d6280000)
 ParOldGen       total 967168K, used 967079K [0x0000000080000000, 0x00000000bb080000, 0x00000000d5580000)
  object space 967168K, 99% used [0x0000000080000000,0x00000000bb069f30,0x00000000bb080000)
 Metaspace       used 92050K, committed 93568K, reserved 1179648K
  class space    used 9301K, committed 9984K, reserved 1048576K
}
Event: 183009.737 GC heap before
{Heap before GC invocations=2684 (full 5):
 PSYoungGen      total 8704K, used 8620K [0x00000000d5580000, 0x00000000d6400000, 0x0000000100000000)
  eden space 7680K, 100% used [0x00000000d5580000,0x00000000d5d00000,0x00000000d5d00000)
  from space 1024K, 91% used [0x00000000d6300000,0x00000000d63eb348,0x00000000d6400000)
  to   space 1536K, 0% used [0x00000000d6100000,0x00000000d6100000,0x00000000d6280000)
 ParOldGen       total 967168K, used 967079K [0x0000000080000000, 0x00000000bb080000, 0x00000000d5580000)
  object space 967168K, 99% used [0x0000000080000000,0x00000000bb069f30,0x00000000bb080000)
 Metaspace       used 92082K, committed 93632K, reserved 1179648K
  class space    used 9301K, committed 9984K, reserved 1048576K
}
Event: 183009.740 GC heap after
{Heap after GC invocations=2684 (full 5):
 PSYoungGen      total 9216K, used 512K [0x00000000d5580000, 0x00000000d6380000, 0x0000000100000000)
  eden space 7680K, 0% used [0x00000000d5580000,0x00000000d5580000,0x00000000d5d00000)
  from space 1536K, 33% used [0x00000000d6100000,0x00000000d6180000,0x00000000d6280000)
  to   space 1024K, 0% used [0x00000000d6280000,0x00000000d6280000,0x00000000d6380000)
 ParOldGen       total 968192K, used 967817K [0x0000000080000000, 0x00000000bb180000, 0x00000000d5580000)
  object space 968192K, 99% used [0x0000000080000000,0x00000000bb1226f8,0x00000000bb180000)
 Metaspace       used 92082K, committed 93632K, reserved 1179648K
  class space    used 9301K, committed 9984K, reserved 1048576K
}
Event: 183010.292 GC heap before
{Heap before GC invocations=2685 (full 5):
 PSYoungGen      total 9216K, used 8192K [0x00000000d5580000, 0x00000000d6380000, 0x0000000100000000)
  eden space 7680K, 100% used [0x00000000d5580000,0x00000000d5d00000,0x00000000d5d00000)
  from space 1536K, 33% used [0x00000000d6100000,0x00000000d6180000,0x00000000d6280000)
  to   space 1024K, 0% used [0x00000000d6280000,0x00000000d6280000,0x00000000d6380000)
 ParOldGen       total 968192K, used 967817K [0x0000000080000000, 0x00000000bb180000, 0x00000000d5580000)
  object space 968192K, 99% used [0x0000000080000000,0x00000000bb1226f8,0x00000000bb180000)
 Metaspace       used 92082K, committed 93632K, reserved 1179648K
  class space    used 9301K, committed 9984K, reserved 1048576K
}
Event: 183010.294 GC heap after
{Heap after GC invocations=2685 (full 5):
 PSYoungGen      total 8192K, used 384K [0x00000000d5580000, 0x00000000d6300000, 0x0000000100000000)
  eden space 7680K, 0% used [0x00000000d5580000,0x00000000d5580000,0x00000000d5d00000)
  from space 512K, 75% used [0x00000000d6280000,0x00000000d62e0000,0x00000000d6300000)
  to   space 512K, 0% used [0x00000000d6200000,0x00000000d6200000,0x00000000d6280000)
 ParOldGen       total 968192K, used 967849K [0x0000000080000000, 0x00000000bb180000, 0x00000000d5580000)
  object space 968192K, 99% used [0x0000000080000000,0x00000000bb12a6f8,0x00000000bb180000)
 Metaspace       used 92082K, committed 93632K, reserved 1179648K
  class space    used 9301K, committed 9984K, reserved 1048576K
}
Event: 183010.586 GC heap before
{Heap before GC invocations=2686 (full 5):
 PSYoungGen      total 8192K, used 8064K [0x00000000d5580000, 0x00000000d6300000, 0x0000000100000000)
  eden space 7680K, 100% used [0x00000000d5580000,0x00000000d5d00000,0x00000000d5d00000)
  from space 512K, 75% used [0x00000000d6280000,0x00000000d62e0000,0x00000000d6300000)
  to   space 512K, 0% used [0x00000000d6200000,0x00000000d6200000,0x00000000d6280000)
 ParOldGen       total 968192K, used 967849K [0x0000000080000000, 0x00000000bb180000, 0x00000000d5580000)
  object space 968192K, 99% used [0x0000000080000000,0x00000000bb12a6f8,0x00000000bb180000)
 Metaspace       used 92082K, committed 93632K, reserved 1179648K
  class space    used 9301K, committed 9984K, reserved 1048576K
}
Event: 183010.588 GC heap after
{Heap after GC invocations=2686 (full 5):
 PSYoungGen      total 8192K, used 496K [0x00000000d5580000, 0x00000000d6300000, 0x0000000100000000)
  eden space 7680K, 0% used [0x00000000d5580000,0x00000000d5580000,0x00000000d5d00000)
  from space 512K, 96% used [0x00000000d6200000,0x00000000d627c010,0x00000000d6280000)
  to   space 512K, 0% used [0x00000000d6280000,0x00000000d6280000,0x00000000d6300000)
 ParOldGen       total 968704K, used 968574K [0x0000000080000000, 0x00000000bb200000, 0x00000000d5580000)
  object space 968704K, 99% used [0x0000000080000000,0x00000000bb1dfb78,0x00000000bb200000)
 Metaspace       used 92082K, committed 93632K, reserved 1179648K
  class space    used 9301K, committed 9984K, reserved 1048576K
}
Event: 183010.826 GC heap before
{Heap before GC invocations=2687 (full 5):
 PSYoungGen      total 8192K, used 8176K [0x00000000d5580000, 0x00000000d6300000, 0x0000000100000000)
  eden space 7680K, 100% used [0x00000000d5580000,0x00000000d5d00000,0x00000000d5d00000)
  from space 512K, 96% used [0x00000000d6200000,0x00000000d627c010,0x00000000d6280000)
  to   space 512K, 0% used [0x00000000d6280000,0x00000000d6280000,0x00000000d6300000)
 ParOldGen       total 968704K, used 968574K [0x0000000080000000, 0x00000000bb200000, 0x00000000d5580000)
  object space 968704K, 99% used [0x0000000080000000,0x00000000bb1dfb78,0x00000000bb200000)
 Metaspace       used 92082K, committed 93632K, reserved 1179648K
  class space    used 9301K, committed 9984K, reserved 1048576K
}
Event: 183010.827 GC heap after
{Heap after GC invocations=2687 (full 5):
 PSYoungGen      total 8192K, used 512K [0x00000000d5580000, 0x00000000d6300000, 0x0000000100000000)
  eden space 7680K, 0% used [0x00000000d5580000,0x00000000d5580000,0x00000000d5d00000)
  from space 512K, 100% used [0x00000000d6280000,0x00000000d6300000,0x00000000d6300000)
  to   space 1536K, 0% used [0x00000000d6000000,0x00000000d6000000,0x00000000d6180000)
 ParOldGen       total 969216K, used 969175K [0x0000000080000000, 0x00000000bb280000, 0x00000000d5580000)
  object space 969216K, 99% used [0x0000000080000000,0x00000000bb275ec8,0x00000000bb280000)
 Metaspace       used 92082K, committed 93632K, reserved 1179648K
  class space    used 9301K, committed 9984K, reserved 1048576K
}
Event: 183011.203 GC heap before
{Heap before GC invocations=2688 (full 5):
 PSYoungGen      total 8192K, used 8192K [0x00000000d5580000, 0x00000000d6300000, 0x0000000100000000)
  eden space 7680K, 100% used [0x00000000d5580000,0x00000000d5d00000,0x00000000d5d00000)
  from space 512K, 100% used [0x00000000d6280000,0x00000000d6300000,0x00000000d6300000)
  to   space 1536K, 0% used [0x00000000d6000000,0x00000000d6000000,0x00000000d6180000)
 ParOldGen       total 969216K, used 969175K [0x0000000080000000, 0x00000000bb280000, 0x00000000d5580000)
  object space 969216K, 99% used [0x0000000080000000,0x00000000bb275ec8,0x00000000bb280000)
 Metaspace       used 92082K, committed 93632K, reserved 1179648K
  class space    used 9301K, committed 9984K, reserved 1048576K
}
Event: 183011.205 GC heap after
{Heap after GC invocations=2688 (full 5):
 PSYoungGen      total 9216K, used 384K [0x00000000d5580000, 0x00000000d6300000, 0x0000000100000000)
  eden space 7680K, 0% used [0x00000000d5580000,0x00000000d5580000,0x00000000d5d00000)
  from space 1536K, 25% used [0x00000000d6000000,0x00000000d6060000,0x00000000d6180000)
  to   space 1024K, 0% used [0x00000000d6200000,0x00000000d6200000,0x00000000d6300000)
 ParOldGen       total 969728K, used 969503K [0x0000000080000000, 0x00000000bb300000, 0x00000000d5580000)
  object space 969728K, 99% used [0x0000000080000000,0x00000000bb2c7ec8,0x00000000bb300000)
 Metaspace       used 92082K, committed 93632K, reserved 1179648K
  class space    used 9301K, committed 9984K, reserved 1048576K
}
Event: 183023.583 GC heap before
{Heap before GC invocations=2689 (full 5):
 PSYoungGen      total 9216K, used 8064K [0x00000000d5580000, 0x00000000d6300000, 0x0000000100000000)
  eden space 7680K, 100% used [0x00000000d5580000,0x00000000d5d00000,0x00000000d5d00000)
  from space 1536K, 25% used [0x00000000d6000000,0x00000000d6060000,0x00000000d6180000)
  to   space 1024K, 0% used [0x00000000d6200000,0x00000000d6200000,0x00000000d6300000)
 ParOldGen       total 969728K, used 969503K [0x0000000080000000, 0x00000000bb300000, 0x00000000d5580000)
  object space 969728K, 99% used [0x0000000080000000,0x00000000bb2c7ec8,0x00000000bb300000)
 Metaspace       used 92092K, committed 93696K, reserved 1179648K
  class space    used 9301K, committed 9984K, reserved 1048576K
}
Event: 183023.586 GC heap after
{Heap after GC invocations=2689 (full 5):
 PSYoungGen      total 8704K, used 1004K [0x00000000d5580000, 0x00000000d6300000, 0x0000000100000000)
  eden space 7680K, 0% used [0x00000000d5580000,0x00000000d5580000,0x00000000d5d00000)
  from space 1024K, 98% used [0x00000000d6200000,0x00000000d62fb0a0,0x00000000d6300000)
  to   space 2048K, 0% used [0x00000000d5f00000,0x00000000d5f00000,0x00000000d6100000)
 ParOldGen       total 970752K, used 970247K [0x0000000080000000, 0x00000000bb400000, 0x00000000d5580000)
  object space 970752K, 99% used [0x0000000080000000,0x00000000bb381ec8,0x00000000bb400000)
 Metaspace       used 92092K, committed 93696K, reserved 1179648K
  class space    used 9301K, committed 9984K, reserved 1048576K
}
Event: 183023.609 GC heap before
{Heap before GC invocations=2690 (full 5):
 PSYoungGen      total 8704K, used 8684K [0x00000000d5580000, 0x00000000d6300000, 0x0000000100000000)
  eden space 7680K, 100% used [0x00000000d5580000,0x00000000d5d00000,0x00000000d5d00000)
  from space 1024K, 98% used [0x00000000d6200000,0x00000000d62fb0a0,0x00000000d6300000)
  to   space 2048K, 0% used [0x00000000d5f00000,0x00000000d5f00000,0x00000000d6100000)
 ParOldGen       total 970752K, used 970247K [0x0000000080000000, 0x00000000bb400000, 0x00000000d5580000)
  object space 970752K, 99% used [0x0000000080000000,0x00000000bb381ec8,0x00000000bb400000)
 Metaspace       used 92092K, committed 93696K, reserved 1179648K
  class space    used 9301K, committed 9984K, reserved 1048576K
}
Event: 183023.613 GC heap after
{Heap after GC invocations=2690 (full 5):
 PSYoungGen      total 9728K, used 1068K [0x00000000d5580000, 0x00000000d6280000, 0x0000000100000000)
  eden space 7680K, 0% used [0x00000000d5580000,0x00000000d5580000,0x00000000d5d00000)
  from space 2048K, 52% used [0x00000000d5f00000,0x00000000d600b0a0,0x00000000d6100000)
  to   space 1536K, 0% used [0x00000000d6100000,0x00000000d6100000,0x00000000d6280000)
 ParOldGen       total 970752K, used 970622K [0x0000000080000000, 0x00000000bb400000, 0x00000000d5580000)
  object space 970752K, 99% used [0x0000000080000000,0x00000000bb3df908,0x00000000bb400000)
 Metaspace       used 92092K, committed 93696K, reserved 1179648K
  class space    used 9301K, committed 9984K, reserved 1048576K
}

