# JRE version: OpenJDK Runtime Environment Temurin-21.0.8+9 (21.0.8+9) (build 21.0.8+9-LTS)
# Java VM: OpenJDK 64-Bit Server VM Temurin-21.0.8+9 (21.0.8+9-LTS, mixed mode, sharing, tiered, compressed oops, compressed class ptrs, parallel gc, windows-amd64)
GC Precious Log:
 CardTable entry size: 512
 CPUs: 20 total, 20 available
 Memory: 32433M
 Large Page Support: Disabled
 NUMA Support: Disabled
 Compressed Oops: Enabled (32-bit)
 Alignments: Space 512K, Generation 512K, Heap 2M
 Heap Min Capacity: 100M
 Heap Initial Capacity: 100M
 Heap Max Capacity: 2G
 Pre-touch: Disabled
 Parallel Workers: 15
Heap:
 PSYoungGen      total 18944K, used 15872K [0x00000000d5580000, 0x00000000d6b00000, 0x0000000100000000)
  eden space 15872K, 100% used [0x00000000d5580000,0x00000000d6500000,0x00000000d6500000)
  from space 3072K, 0% used [0x00000000d6800000,0x00000000d6800000,0x00000000d6b00000)
  to   space 3072K, 100% used [0x00000000d6500000,0x00000000d6800000,0x00000000d6800000)
 ParOldGen       total 68608K, used 58538K [0x0000000080000000, 0x0000000084300000, 0x00000000d5580000)
  object space 68608K, 85% used [0x0000000080000000,0x000000008392ab90,0x0000000084300000)
 Metaspace       used 62995K, committed 64320K, reserved 1114112K
  class space    used 6677K, committed 7232K, reserved 1048576K
GC Heap History (20 events):
Event: 7.816 GC heap before
{Heap before GC invocations=39 (full 2):
 PSYoungGen      total 18432K, used 18412K [0x00000000d5580000, 0x00000000d7300000, 0x0000000100000000)
  eden space 15872K, 100% used [0x00000000d5580000,0x00000000d6500000,0x00000000d6500000)
  from space 2560K, 99% used [0x00000000d6a80000,0x00000000d6cfb0b8,0x00000000d6d00000)
  to   space 5632K, 0% used [0x00000000d6500000,0x00000000d6500000,0x00000000d6a80000)
 ParOldGen       total 68608K, used 46992K [0x0000000080000000, 0x0000000084300000, 0x00000000d5580000)
  object space 68608K, 68% used [0x0000000080000000,0x0000000082de4330,0x0000000084300000)
 Metaspace       used 58190K, committed 59456K, reserved 1114112K
  class space    used 6185K, committed 6720K, reserved 1048576K
}
Event: 7.819 GC heap after
{Heap after GC invocations=39 (full 2):
 PSYoungGen      total 18432K, used 2088K [0x00000000d5580000, 0x00000000d6b00000, 0x0000000100000000)
  eden space 15872K, 0% used [0x00000000d5580000,0x00000000d5580000,0x00000000d6500000)
  from space 2560K, 81% used [0x00000000d6500000,0x00000000d670a1f8,0x00000000d6780000)
  to   space 3072K, 0% used [0x00000000d6800000,0x00000000d6800000,0x00000000d6b00000)
 ParOldGen       total 68608K, used 49545K [0x0000000080000000, 0x0000000084300000, 0x00000000d5580000)
  object space 68608K, 72% used [0x0000000080000000,0x00000000830627c0,0x0000000084300000)
 Metaspace       used 58190K, committed 59456K, reserved 1114112K
  class space    used 6185K, committed 6720K, reserved 1048576K
}
Event: 7.848 GC heap before
{Heap before GC invocations=40 (full 2):
 PSYoungGen      total 18432K, used 4478K [0x00000000d5580000, 0x00000000d6b00000, 0x0000000100000000)
  eden space 15872K, 15% used [0x00000000d5580000,0x00000000d57d5810,0x00000000d6500000)
  from space 2560K, 81% used [0x00000000d6500000,0x00000000d670a1f8,0x00000000d6780000)
  to   space 3072K, 0% used [0x00000000d6800000,0x00000000d6800000,0x00000000d6b00000)
 ParOldGen       total 68608K, used 49545K [0x0000000080000000, 0x0000000084300000, 0x00000000d5580000)
  object space 68608K, 72% used [0x0000000080000000,0x00000000830627c0,0x0000000084300000)
 Metaspace       used 58513K, committed 59776K, reserved 1114112K
  class space    used 6227K, committed 6784K, reserved 1048576K
}
Event: 7.850 GC heap after
{Heap after GC invocations=40 (full 2):
 PSYoungGen      total 16384K, used 406K [0x00000000d5580000, 0x00000000d6880000, 0x0000000100000000)
  eden space 15872K, 0% used [0x00000000d5580000,0x00000000d5580000,0x00000000d6500000)
  from space 512K, 79% used [0x00000000d6800000,0x00000000d68658b8,0x00000000d6880000)
  to   space 1536K, 0% used [0x00000000d6580000,0x00000000d6580000,0x00000000d6700000)
 ParOldGen       total 68608K, used 51421K [0x0000000080000000, 0x0000000084300000, 0x00000000d5580000)
  object space 68608K, 74% used [0x0000000080000000,0x0000000083237748,0x0000000084300000)
 Metaspace       used 58513K, committed 59776K, reserved 1114112K
  class space    used 6227K, committed 6784K, reserved 1048576K
}
Event: 7.850 GC heap before
{Heap before GC invocations=41 (full 3):
 PSYoungGen      total 16384K, used 406K [0x00000000d5580000, 0x00000000d6880000, 0x0000000100000000)
  eden space 15872K, 0% used [0x00000000d5580000,0x00000000d5580000,0x00000000d6500000)
  from space 512K, 79% used [0x00000000d6800000,0x00000000d68658b8,0x00000000d6880000)
  to   space 1536K, 0% used [0x00000000d6580000,0x00000000d6580000,0x00000000d6700000)
 ParOldGen       total 68608K, used 51421K [0x0000000080000000, 0x0000000084300000, 0x00000000d5580000)
  object space 68608K, 74% used [0x0000000080000000,0x0000000083237748,0x0000000084300000)
 Metaspace       used 58513K, committed 59776K, reserved 1114112K
  class space    used 6227K, committed 6784K, reserved 1048576K
}
Event: 7.916 GC heap after
{Heap after GC invocations=41 (full 3):
 PSYoungGen      total 16384K, used 0K [0x00000000d5580000, 0x00000000d6880000, 0x0000000100000000)
  eden space 15872K, 0% used [0x00000000d5580000,0x00000000d5580000,0x00000000d6500000)
  from space 512K, 0% used [0x00000000d6800000,0x00000000d6800000,0x00000000d6880000)
  to   space 1536K, 0% used [0x00000000d6580000,0x00000000d6580000,0x00000000d6700000)
 ParOldGen       total 68608K, used 39904K [0x0000000080000000, 0x0000000084300000, 0x00000000d5580000)
  object space 68608K, 58% used [0x0000000080000000,0x00000000826f8220,0x0000000084300000)
 Metaspace       used 58513K, committed 59776K, reserved 1114112K
  class space    used 6227K, committed 6784K, reserved 1048576K
}
Event: 8.151 GC heap before
{Heap before GC invocations=42 (full 3):
 PSYoungGen      total 16384K, used 15872K [0x00000000d5580000, 0x00000000d6880000, 0x0000000100000000)
  eden space 15872K, 100% used [0x00000000d5580000,0x00000000d6500000,0x00000000d6500000)
  from space 512K, 0% used [0x00000000d6800000,0x00000000d6800000,0x00000000d6880000)
  to   space 1536K, 0% used [0x00000000d6580000,0x00000000d6580000,0x00000000d6700000)
 ParOldGen       total 68608K, used 39904K [0x0000000080000000, 0x0000000084300000, 0x00000000d5580000)
  object space 68608K, 58% used [0x0000000080000000,0x00000000826f8220,0x0000000084300000)
 Metaspace       used 60105K, committed 61376K, reserved 1114112K
  class space    used 6382K, committed 6912K, reserved 1048576K
}
Event: 8.153 GC heap after
{Heap after GC invocations=42 (full 3):
 PSYoungGen      total 17408K, used 1507K [0x00000000d5580000, 0x00000000d6a00000, 0x0000000100000000)
  eden space 15872K, 0% used [0x00000000d5580000,0x00000000d5580000,0x00000000d6500000)
  from space 1536K, 98% used [0x00000000d6580000,0x00000000d66f8e98,0x00000000d6700000)
  to   space 2560K, 0% used [0x00000000d6780000,0x00000000d6780000,0x00000000d6a00000)
 ParOldGen       total 68608K, used 40559K [0x0000000080000000, 0x0000000084300000, 0x00000000d5580000)
  object space 68608K, 59% used [0x0000000080000000,0x000000008279bc28,0x0000000084300000)
 Metaspace       used 60105K, committed 61376K, reserved 1114112K
  class space    used 6382K, committed 6912K, reserved 1048576K
}
Event: 8.361 GC heap before
{Heap before GC invocations=43 (full 3):
 PSYoungGen      total 17408K, used 16701K [0x00000000d5580000, 0x00000000d6a00000, 0x0000000100000000)
  eden space 15872K, 95% used [0x00000000d5580000,0x00000000d64566f8,0x00000000d6500000)
  from space 1536K, 98% used [0x00000000d6580000,0x00000000d66f8e98,0x00000000d6700000)
  to   space 2560K, 0% used [0x00000000d6780000,0x00000000d6780000,0x00000000d6a00000)
 ParOldGen       total 68608K, used 40559K [0x0000000080000000, 0x0000000084300000, 0x00000000d5580000)
  object space 68608K, 59% used [0x0000000080000000,0x000000008279bc28,0x0000000084300000)
 Metaspace       used 61243K, committed 62592K, reserved 1114112K
  class space    used 6498K, committed 7040K, reserved 1048576K
}
Event: 8.363 GC heap after
{Heap after GC invocations=43 (full 3):
 PSYoungGen      total 17408K, used 1275K [0x00000000d5580000, 0x00000000d6900000, 0x0000000100000000)
  eden space 15872K, 0% used [0x00000000d5580000,0x00000000d5580000,0x00000000d6500000)
  from space 1536K, 83% used [0x00000000d6780000,0x00000000d68bee68,0x00000000d6900000)
  to   space 2048K, 0% used [0x00000000d6500000,0x00000000d6500000,0x00000000d6700000)
 ParOldGen       total 68608K, used 42034K [0x0000000080000000, 0x0000000084300000, 0x00000000d5580000)
  object space 68608K, 61% used [0x0000000080000000,0x000000008290ca18,0x0000000084300000)
 Metaspace       used 61243K, committed 62592K, reserved 1114112K
  class space    used 6498K, committed 7040K, reserved 1048576K
}
Event: 8.462 GC heap before
{Heap before GC invocations=44 (full 3):
 PSYoungGen      total 17408K, used 17147K [0x00000000d5580000, 0x00000000d6900000, 0x0000000100000000)
  eden space 15872K, 100% used [0x00000000d5580000,0x00000000d6500000,0x00000000d6500000)
  from space 1536K, 83% used [0x00000000d6780000,0x00000000d68bee68,0x00000000d6900000)
  to   space 2048K, 0% used [0x00000000d6500000,0x00000000d6500000,0x00000000d6700000)
 ParOldGen       total 68608K, used 42034K [0x0000000080000000, 0x0000000084300000, 0x00000000d5580000)
  object space 68608K, 61% used [0x0000000080000000,0x000000008290ca18,0x0000000084300000)
 Metaspace       used 62087K, committed 63424K, reserved 1114112K
  class space    used 6583K, committed 7104K, reserved 1048576K
}
Event: 8.463 GC heap after
{Heap after GC invocations=44 (full 3):
 PSYoungGen      total 17920K, used 1533K [0x00000000d5580000, 0x00000000d6900000, 0x0000000100000000)
  eden space 15872K, 0% used [0x00000000d5580000,0x00000000d5580000,0x00000000d6500000)
  from space 2048K, 74% used [0x00000000d6500000,0x00000000d667f400,0x00000000d6700000)
  to   space 2048K, 0% used [0x00000000d6700000,0x00000000d6700000,0x00000000d6900000)
 ParOldGen       total 68608K, used 44464K [0x0000000080000000, 0x0000000084300000, 0x00000000d5580000)
  object space 68608K, 64% used [0x0000000080000000,0x0000000082b6c390,0x0000000084300000)
 Metaspace       used 62087K, committed 63424K, reserved 1114112K
  class space    used 6583K, committed 7104K, reserved 1048576K
}
Event: 8.553 GC heap before
{Heap before GC invocations=45 (full 3):
 PSYoungGen      total 17920K, used 17405K [0x00000000d5580000, 0x00000000d6900000, 0x0000000100000000)
  eden space 15872K, 100% used [0x00000000d5580000,0x00000000d6500000,0x00000000d6500000)
  from space 2048K, 74% used [0x00000000d6500000,0x00000000d667f400,0x00000000d6700000)
  to   space 2048K, 0% used [0x00000000d6700000,0x00000000d6700000,0x00000000d6900000)
 ParOldGen       total 68608K, used 44464K [0x0000000080000000, 0x0000000084300000, 0x00000000d5580000)
  object space 68608K, 64% used [0x0000000080000000,0x0000000082b6c3a8,0x0000000084300000)
 Metaspace       used 62947K, committed 64320K, reserved 1114112K
  class space    used 6674K, committed 7232K, reserved 1048576K
}
Event: 8.556 GC heap after
{Heap after GC invocations=45 (full 3):
 PSYoungGen      total 17920K, used 2046K [0x00000000d5580000, 0x00000000d6900000, 0x0000000100000000)
  eden space 15872K, 0% used [0x00000000d5580000,0x00000000d5580000,0x00000000d6500000)
  from space 2048K, 99% used [0x00000000d6700000,0x00000000d68ffa20,0x00000000d6900000)
  to   space 2048K, 0% used [0x00000000d6500000,0x00000000d6500000,0x00000000d6700000)
 ParOldGen       total 68608K, used 47956K [0x0000000080000000, 0x0000000084300000, 0x00000000d5580000)
  object space 68608K, 69% used [0x0000000080000000,0x0000000082ed5010,0x0000000084300000)
 Metaspace       used 62947K, committed 64320K, reserved 1114112K
  class space    used 6674K, committed 7232K, reserved 1048576K
}
Event: 8.599 GC heap before
{Heap before GC invocations=46 (full 3):
 PSYoungGen      total 17920K, used 16244K [0x00000000d5580000, 0x00000000d6900000, 0x0000000100000000)
  eden space 15872K, 89% used [0x00000000d5580000,0x00000000d635d988,0x00000000d6500000)
  from space 2048K, 99% used [0x00000000d6700000,0x00000000d68ffa20,0x00000000d6900000)
  to   space 2048K, 0% used [0x00000000d6500000,0x00000000d6500000,0x00000000d6700000)
 ParOldGen       total 68608K, used 63276K [0x0000000080000000, 0x0000000084300000, 0x00000000d5580000)
  object space 68608K, 92% used [0x0000000080000000,0x0000000083dcb020,0x0000000084300000)
 Metaspace       used 62979K, committed 64320K, reserved 1114112K
  class space    used 6675K, committed 7232K, reserved 1048576K
}
Event: 8.601 GC heap after
{Heap after GC invocations=46 (full 3):
 PSYoungGen      total 17920K, used 1344K [0x00000000d5580000, 0x00000000d6b00000, 0x0000000100000000)
  eden space 15872K, 0% used [0x00000000d5580000,0x00000000d5580000,0x00000000d6500000)
  from space 2048K, 65% used [0x00000000d6500000,0x00000000d6650020,0x00000000d6700000)
  to   space 3072K, 0% used [0x00000000d6800000,0x00000000d6800000,0x00000000d6b00000)
 ParOldGen       total 68608K, used 66584K [0x0000000080000000, 0x0000000084300000, 0x00000000d5580000)
  object space 68608K, 97% used [0x0000000080000000,0x00000000841061a8,0x0000000084300000)
 Metaspace       used 62979K, committed 64320K, reserved 1114112K
  class space    used 6675K, committed 7232K, reserved 1048576K
}
Event: 8.606 GC heap before
{Heap before GC invocations=47 (full 3):
 PSYoungGen      total 17920K, used 12576K [0x00000000d5580000, 0x00000000d6b00000, 0x0000000100000000)
  eden space 15872K, 70% used [0x00000000d5580000,0x00000000d6078080,0x00000000d6500000)
  from space 2048K, 65% used [0x00000000d6500000,0x00000000d6650020,0x00000000d6700000)
  to   space 3072K, 0% used [0x00000000d6800000,0x00000000d6800000,0x00000000d6b00000)
 ParOldGen       total 68608K, used 66584K [0x0000000080000000, 0x0000000084300000, 0x00000000d5580000)
  object space 68608K, 97% used [0x0000000080000000,0x00000000841061a8,0x0000000084300000)
 Metaspace       used 62979K, committed 64320K, reserved 1114112K
  class space    used 6675K, committed 7232K, reserved 1048576K
}
Event: 8.608 GC heap after
{Heap after GC invocations=47 (full 3):
 PSYoungGen      total 17920K, used 12576K [0x00000000d5580000, 0x00000000d6b00000, 0x0000000100000000)
  eden space 15872K, 70% used [0x00000000d5580000,0x00000000d6078080,0x00000000d6500000)
  from space 2048K, 65% used [0x00000000d6500000,0x00000000d6650020,0x00000000d6700000)
  to   space 3072K, 15% used [0x00000000d6800000,0x00000000d6878000,0x00000000d6b00000)
 ParOldGen       total 68608K, used 67557K [0x0000000080000000, 0x0000000084300000, 0x00000000d5580000)
  object space 68608K, 98% used [0x0000000080000000,0x00000000841f9570,0x0000000084300000)
 Metaspace       used 62979K, committed 64320K, reserved 1114112K
  class space    used 6675K, committed 7232K, reserved 1048576K
}
Event: 8.608 GC heap before
{Heap before GC invocations=48 (full 4):
 PSYoungGen      total 17920K, used 12576K [0x00000000d5580000, 0x00000000d6b00000, 0x0000000100000000)
  eden space 15872K, 70% used [0x00000000d5580000,0x00000000d6078080,0x00000000d6500000)
  from space 2048K, 65% used [0x00000000d6500000,0x00000000d6650020,0x00000000d6700000)
  to   space 3072K, 15% used [0x00000000d6800000,0x00000000d6878000,0x00000000d6b00000)
 ParOldGen       total 68608K, used 67557K [0x0000000080000000, 0x0000000084300000, 0x00000000d5580000)
  object space 68608K, 98% used [0x0000000080000000,0x00000000841f9570,0x0000000084300000)
 Metaspace       used 62979K, committed 64320K, reserved 1114112K
  class space    used 6675K, committed 7232K, reserved 1048576K
}
Event: 8.661 GC heap after
{Heap after GC invocations=48 (full 4):
 PSYoungGen      total 18944K, used 0K [0x00000000d5580000, 0x00000000d6b00000, 0x0000000100000000)
  eden space 15872K, 0% used [0x00000000d5580000,0x00000000d5580000,0x00000000d6500000)
  from space 3072K, 0% used [0x00000000d6800000,0x00000000d6800000,0x00000000d6b00000)
  to   space 3072K, 0% used [0x00000000d6500000,0x00000000d6500000,0x00000000d6800000)
 ParOldGen       total 68608K, used 58530K [0x0000000080000000, 0x0000000084300000, 0x00000000d5580000)
  object space 68608K, 85% used [0x0000000080000000,0x0000000083928b90,0x0000000084300000)
 Metaspace       used 62979K, committed 64320K, reserved 1114112K
  class space    used 6675K, committed 7232K, reserved 1048576K
}

